WARNING: All log messages before absl::InitializeLog() is called are written to STDERR
I0000 00:00:1775731165.419502   42197 port.cc:153] oneDNN custom operations are on. You may see slightly different numerical results due to floating-point round-off errors from different computation orders. To turn them off, set the environment variable `TF_ENABLE_ONEDNN_OPTS=0`.
I0000 00:00:1775731165.420189   42197 cudart_stub.cc:31] Could not find cuda drivers on your machine, GPU will not be used.
I0000 00:00:1775731165.478101   42197 cpu_feature_guard.cc:227] This TensorFlow binary is optimized to use available CPU instructions in performance-critical operations.
To enable the following instructions: AVX2 AVX512F AVX512_VNNI FMA, in other operations, rebuild TensorFlow with the appropriate compiler flags.
WARNING: All log messages before absl::InitializeLog() is called are written to STDERR
I0000 00:00:1775731167.278009   42197 port.cc:153] oneDNN custom operations are on. You may see slightly different numerical results due to floating-point round-off errors from different computation orders. To turn them off, set the environment variable `TF_ENABLE_ONEDNN_OPTS=0`.
I0000 00:00:1775731167.278854   42197 cudart_stub.cc:31] Could not find cuda drivers on your machine, GPU will not be used.
/home/krish-sharma/Desktop/cyber Security/CyberSafe/backend/.venv/lib/python3.11/site-packages/torch/cuda/__init__.py:180: UserWarning: CUDA initialization: Unexpected error from cudaGetDeviceCount(). Did you run some cuda functions before calling NumCudaDevices() that might have already set an error? Error 302: Error loading CUDA libraries. GPU will not be used. (Triggered internally at /pytorch/c10/cuda/CUDAFunctions.cpp:119.)
  return torch._C._cuda_getDeviceCount() > 0
Warning: You are sending unauthenticated requests to the HF Hub. Please set a HF_TOKEN to enable higher rate limits and faster downloads.
⏳ Loading Audio Models...
Loading weights:   0%|          | 0/248 [00:00<?, ?it/s]Loading weights: 100%|██████████| 248/248 [00:00<00:00, 33689.19it/s]
E0000 00:00:1775731174.799709   42197 cuda_platform.cc:52] failed call to cuInit: INTERNAL: CUDA error: Failed call to cuInit: UNKNOWN ERROR (303)
Exception in thread Thread-auto_conversion:
Traceback (most recent call last):
  File "/home/krish-sharma/Desktop/cyber Security/CyberSafe/backend/.venv/lib/python3.11/site-packages/huggingface_hub/utils/_http.py", line 761, in hf_raise_for_status
    response.raise_for_status()
  File "/home/krish-sharma/Desktop/cyber Security/CyberSafe/backend/.venv/lib/python3.11/site-packages/httpx/_models.py", line 829, in raise_for_status
    raise HTTPStatusError(message, request=request, response=self)
httpx.HTTPStatusError: Client error '429 Too Many Requests' for url 'https://huggingface.co/api/models/microsoft/wavlm-base-plus/commits/main'
For more information check: https://developer.mozilla.org/en-US/docs/Web/HTTP/Status/429

The above exception was the direct cause of the following exception:

Traceback (most recent call last):
  File "/home/krish-sharma/.local/share/uv/python/cpython-3.11.15-linux-x86_64-gnu/lib/python3.11/threading.py", line 1045, in _bootstrap_inner
    self.run()
  File "/home/krish-sharma/.local/share/uv/python/cpython-3.11.15-linux-x86_64-gnu/lib/python3.11/threading.py", line 982, in run
    self._target(*self._args, **self._kwargs)
  File "/home/krish-sharma/Desktop/cyber Security/CyberSafe/backend/.venv/lib/python3.11/site-packages/transformers/safetensors_conversion.py", line 117, in auto_conversion
    raise e
  File "/home/krish-sharma/Desktop/cyber Security/CyberSafe/backend/.venv/lib/python3.11/site-packages/transformers/safetensors_conversion.py", line 96, in auto_conversion
    sha = get_conversion_pr_reference(api, pretrained_model_name_or_path, **cached_file_kwargs)
          ^^^^^^^^^^^^^^^^^^^^^^^^^^^^^^^^^^^^^^^^^^^^^^^^^^^^^^^^^^^^^^^^^^^^^^^^^^^^^^^^^^^^^
  File "/home/krish-sharma/Desktop/cyber Security/CyberSafe/backend/.venv/lib/python3.11/site-packages/transformers/safetensors_conversion.py", line 69, in get_conversion_pr_reference
    pr = previous_pr(api, model_id, pr_title, token=token)
         ^^^^^^^^^^^^^^^^^^^^^^^^^^^^^^^^^^^^^^^^^^^^^^^^^
  File "/home/krish-sharma/Desktop/cyber Security/CyberSafe/backend/.venv/lib/python3.11/site-packages/transformers/safetensors_conversion.py", line 13, in previous_pr
    main_commit = api.list_repo_commits(model_id, token=token)[0].commit_id
                  ^^^^^^^^^^^^^^^^^^^^^^^^^^^^^^^^^^^^^^^^^^^^
  File "/home/krish-sharma/Desktop/cyber Security/CyberSafe/backend/.venv/lib/python3.11/site-packages/huggingface_hub/utils/_validators.py", line 88, in _inner_fn
    return fn(*args, **kwargs)
           ^^^^^^^^^^^^^^^^^^^
  File "/home/krish-sharma/Desktop/cyber Security/CyberSafe/backend/.venv/lib/python3.11/site-packages/huggingface_hub/hf_api.py", line 3822, in list_repo_commits
    return [
           ^
  File "/home/krish-sharma/Desktop/cyber Security/CyberSafe/backend/.venv/lib/python3.11/site-packages/huggingface_hub/hf_api.py", line 3822, in <listcomp>
    return [
           ^
  File "/home/krish-sharma/Desktop/cyber Security/CyberSafe/backend/.venv/lib/python3.11/site-packages/huggingface_hub/utils/_pagination.py", line 36, in paginate
    hf_raise_for_status(r)
  File "/home/krish-sharma/Desktop/cyber Security/CyberSafe/backend/.venv/lib/python3.11/site-packages/huggingface_hub/utils/_http.py", line 880, in hf_raise_for_status
    raise _format(HfHubHTTPError, message, response) from e
huggingface_hub.errors.HfHubHTTPError: (Amz CF ID: TH0W44hJ-FTet1d_W65oUsNTEGEM7WzQWxWBHr_pDkaFVHd2CzpVwQ==)

429 Too Many Requests for url: https://huggingface.co/api/models/microsoft/wavlm-base-plus/commits/main.
✅ Audio models loaded successfully
INFO:     Started server process [42197]
INFO:     Waiting for application startup.
INFO:     Application startup complete.
INFO:     Uvicorn running on http://0.0.0.0:8000 (Press CTRL+C to quit)
INFO:     127.0.0.1:37604 - "GET /docs HTTP/1.1" 200 OK
[mov,mp4,m4a,3gp,3g2,mj2 @ 0x60c348362240] moov atom not found
Warning: Model weight mismatch. Details: Error(s) in loading state_dict for CNN_Video:
	Unexpected key(s) in state_dict: "lstm.weight_ih_l0", "lstm.weight_hh_l0", "lstm.bias_ih_l0", "lstm.bias_hh_l0", "lstm.weight_ih_l0_reverse", "lstm.weight_hh_l0_reverse", "lstm.bias_ih_l0_reverse", "lstm.bias_hh_l0_reverse", "lstm.weight_ih_l1", "lstm.weight_hh_l1", "lstm.bias_ih_l1", "lstm.bias_hh_l1", "lstm.weight_ih_l1_reverse", "lstm.weight_hh_l1_reverse", "lstm.bias_ih_l1_reverse", "lstm.bias_hh_l1_reverse". 
	size mismatch for classifier.0.weight: copying a param with shape torch.Size([256, 512]) from checkpoint, the shape in current model is torch.Size([256, 1280]).
INFO:     127.0.0.1:37620 - "POST /api/video HTTP/1.1" 500 Internal Server Error
INFO:     Shutting down
INFO:     Waiting for application shutdown.
INFO:     Application shutdown complete.
INFO:     Finished server process [42197]
